[debug] [2017-12-06T12:32:10.256Z] ----------------------------------------------------------------------
[debug] [2017-12-06T12:32:10.256Z] Command:       C:\Program Files\nodejs\node.exe C:\Users\Aaron\AppData\Roaming\npm\node_modules\firebase-tools\bin\firebase serve
[debug] [2017-12-06T12:32:10.256Z] CLI Version:   3.16.0
[debug] [2017-12-06T12:32:10.256Z] Platform:      win32
[debug] [2017-12-06T12:32:10.256Z] Node Version:  v6.11.4
[debug] [2017-12-06T12:32:10.272Z] Time:          Wed Dec 06 2017 12:32:10 GMT+0000 (GMT Standard Time)
[debug] [2017-12-06T12:32:10.272Z] ----------------------------------------------------------------------
[debug] 
[debug] [2017-12-06T12:32:10.287Z] > command requires scopes: ["email","openid","https://www.googleapis.com/auth/cloudplatformprojects.readonly","https://www.googleapis.com/auth/firebase","https://www.googleapis.com/auth/cloud-platform"]
[debug] [2017-12-06T12:32:10.287Z] > authorizing via signed-in user
[debug] [2017-12-06T12:32:10.287Z] >>> HTTP REQUEST GET https://admin.firebase.com/v1/projects/myapp-js-687a0  
  
 Wed Dec 06 2017 12:32:10 GMT+0000 (GMT Standard Time)
[debug] [2017-12-06T12:32:11.037Z] <<< HTTP RESPONSE 200
[debug] [2017-12-06T12:32:11.053Z] >>> HTTP REQUEST GET https://admin.firebase.com/v1/database/myapp-js-687a0/tokens  
  
 Wed Dec 06 2017 12:32:11 GMT+0000 (GMT Standard Time)
[debug] [2017-12-06T12:32:11.709Z] <<< HTTP RESPONSE 200
[info] 
[info] === Serving from 'C:\Users\Aaron\Desktop\Memory-mev2'...
[info] 
[debug] [2017-12-06T12:32:11.725Z] >>> HTTP REQUEST GET https://cloudresourcemanager.googleapis.com/v1/projects/myapp-js-687a0  
  
 Wed Dec 06 2017 12:32:11 GMT+0000 (GMT Standard Time)
[debug] [2017-12-06T12:32:12.412Z] <<< HTTP RESPONSE 200
[debug] [2017-12-06T12:32:12.428Z] >>> HTTP REQUEST GET https://mobilesdk-pa.googleapis.com/v1/projects/925451577532/clients/_:getWebAppConfig  
  
 Wed Dec 06 2017 12:32:12 GMT+0000 (GMT Standard Time)
[debug] [2017-12-06T12:32:13.006Z] <<< HTTP RESPONSE 200
[info] i  hosting: Serving hosting files from: public
[info] +  hosting: Local server: http://localhost:5000

