[debug] [2017-12-06T10:43:47.069Z] ----------------------------------------------------------------------
[debug] [2017-12-06T10:43:47.073Z] Command:       C:\Program Files\nodejs\node.exe C:\Users\Lenovo\AppData\Roaming\npm\node_modules\firebase-tools\bin\firebase serve
[debug] [2017-12-06T10:43:47.074Z] CLI Version:   3.15.3
[debug] [2017-12-06T10:43:47.074Z] Platform:      win32
[debug] [2017-12-06T10:43:47.074Z] Node Version:  v8.4.0
[debug] [2017-12-06T10:43:47.075Z] Time:          Wed Dec 06 2017 10:43:47 GMT+0000 (GMT Standard Time)
[debug] [2017-12-06T10:43:47.075Z] ----------------------------------------------------------------------
[debug] 
[debug] [2017-12-06T10:43:47.105Z] > command requires scopes: ["email","openid","https://www.googleapis.com/auth/cloudplatformprojects.readonly","https://www.googleapis.com/auth/firebase","https://www.googleapis.com/auth/cloud-platform"]
[debug] [2017-12-06T10:43:47.106Z] > authorizing via signed-in user
[debug] [2017-12-06T10:43:47.110Z] > refreshing access token with scopes: ["email","https://www.googleapis.com/auth/cloud-platform","https://www.googleapis.com/auth/cloudplatformprojects.readonly","https://www.googleapis.com/auth/firebase","openid"]
[debug] [2017-12-06T10:43:47.110Z] >>> HTTP REQUEST POST https://www.googleapis.com/oauth2/v3/token { refresh_token: '1/BVPD7ZUY-WpuhOo06cvBSLpSUao7NvZzxa1IPCZ72aQ',
  client_id: '563584335869-fgrhgmd47bqnekij5i8b5pr03ho849e6.apps.googleusercontent.com',
  client_secret: 'j9iVZfS8kkCEFUPaAeJV0sAi',
  grant_type: 'refresh_token',
  scope: 'email https://www.googleapis.com/auth/cloud-platform https://www.googleapis.com/auth/cloudplatformprojects.readonly https://www.googleapis.com/auth/firebase openid' } 
 Wed Dec 06 2017 10:43:47 GMT+0000 (GMT Standard Time)
[debug] [2017-12-06T10:43:47.332Z] <<< HTTP RESPONSE 200
[debug] [2017-12-06T10:43:47.372Z] >>> HTTP REQUEST GET https://admin.firebase.com/v1/projects/myapp-js-687a0  
 Wed Dec 06 2017 10:43:47 GMT+0000 (GMT Standard Time)
[debug] [2017-12-06T10:43:48.043Z] <<< HTTP RESPONSE 200
[debug] [2017-12-06T10:43:48.044Z] >>> HTTP REQUEST GET https://admin.firebase.com/v1/database/myapp-js-687a0/tokens  
 Wed Dec 06 2017 10:43:48 GMT+0000 (GMT Standard Time)
[debug] [2017-12-06T10:43:48.688Z] <<< HTTP RESPONSE 200
[info] 
[info] === Serving from 'C:\Users\Lenovo\Documents\Maynooth\Group-Project\myapp-js\myapp-js'...
[info] 
[debug] [2017-12-06T10:43:48.691Z] >>> HTTP REQUEST GET https://cloudresourcemanager.googleapis.com/v1/projects/myapp-js-687a0  
 Wed Dec 06 2017 10:43:48 GMT+0000 (GMT Standard Time)
[debug] [2017-12-06T10:43:49.431Z] <<< HTTP RESPONSE 200
[debug] [2017-12-06T10:43:49.432Z] >>> HTTP REQUEST GET https://mobilesdk-pa.googleapis.com/v1/projects/925451577532/clients/_:getWebAppConfig  
 Wed Dec 06 2017 10:43:49 GMT+0000 (GMT Standard Time)
[debug] [2017-12-06T10:43:49.938Z] <<< HTTP RESPONSE 200
[info] i  hosting: Serving hosting files from: public
[info] +  hosting: Local server: http://localhost:5000

